\BOOKMARK [0][]{chapter*.1}{\376\377\000M\036\345\000c\000\040\000l\036\345\000c}{}% 1
\BOOKMARK [0][]{chapter*.2}{\376\377\000D\000a\000n\000h\000\040\000s\000\341\000c\000h\000\040\000h\000\354\000n\000h\000\040\000v\036\275}{}% 2
\BOOKMARK [0][]{chapter*.2}{\376\377\000N\000o\000m\000e\000n\000c\000l\000a\000t\000u\000r\000e}{}% 3
\BOOKMARK [0][]{chapter.1}{\376\377\0001\000\040\001\020\000\342\000y\000\040\000l\000\340\000\040\000c\000h\001\260\001\241\000n\000g\000\040\0001\000\040}{}% 4
\BOOKMARK [1][]{section.1.1}{\376\377\0001\000.\0001\000\040\000S\000e\000c\000t\000i\000o\000n\000\040\001\021\036\247\000u\000\040\000t\000i\000\352\000n}{chapter.1}% 5
\BOOKMARK [1][]{section.1.2}{\376\377\0001\000.\0002\000\040\000S\000e\000c\000t\000i\000o\000n\000\040\000t\000i\036\277\000p\000\040\000t\000h\000e\000o}{chapter.1}% 6
\BOOKMARK [2][]{subsection.1.2.1}{\376\377\0001\000.\0002\000.\0001\000\040\001\020\000\342\000y\000\040\000l\000\340\000\040\000s\000u\000b\000s\000e\000c\000t\000i\000o\000n\000\040}{section.1.2}% 7
\BOOKMARK [3][]{subsubsection.1.2.1.1}{\376\377\0001\000.\0002\000.\0001\000.\0001\000\040\001\020\000\342\000y\000\040\000l\000\340\000\040\000s\000u\000n\000s\000u\000b\000s\000e\000c\000t\000i\000o\000n\000\040}{subsection.1.2.1}% 8
\BOOKMARK [2][]{subsection.1.2.2}{\376\377\0001\000.\0002\000.\0002\000\040\001\020\000\342\000y\000\040\000l\000\340\000\040\000s\000u\000b\000s\000e\000c\000t\000i\000o\000n\000\040\000t\000i\036\277\000p\000\040\000t\000h\000e\000o}{section.1.2}% 9
\BOOKMARK [2][]{And this is what I want bookmarked.2}{\376\377\000b\000o\000o\000k\000m\000a\000r\000k\000\040\000t\000e\000x\000t\000\040\000i\000s\000\040\000h\000e\000r\000e}{section.1.2}% 10
\BOOKMARK [1][]{section.1.3}{\376\377\0001\000.\0003\000\040\000K\036\277\000t\000\040\000c\000h\001\260\001\241\000n\000g}{chapter.1}% 11
\BOOKMARK [0][]{chapter.2}{\376\377\0002\000\040\001\020\000\342\000y\000\040\000l\000\340\000\040\000c\000h\001\260\001\241\000n\000g\000\040\0002}{}% 12
\BOOKMARK [1][]{section.2.1}{\376\377\0002\000.\0001\000\040\000F\000i\000r\000s\000t\000\040\000S\000e\000c\000t\000i\000o\000n}{chapter.2}% 13
\BOOKMARK [1][]{section.2.2}{\376\377\0002\000.\0002\000\040\000S\000e\000c\000o\000n\000d\000\040\000S\000e\000c\000t\000i\000o\000n}{chapter.2}% 14
\BOOKMARK [2][]{subsection.2.2.1}{\376\377\0002\000.\0002\000.\0001\000\040\000f\000i\000r\000s\000t\000\040\000s\000u\000b\000s\000e\000c\000t\000i\000o\000n\000\040\000i\000n\000\040\000t\000h\000e\000\040\000S\000e\000c\000o\000n\000d\000\040\000S\000e\000c\000t\000i\000o\000n}{section.2.2}% 15
\BOOKMARK [2][]{subsection.2.2.2}{\376\377\0002\000.\0002\000.\0002\000\040\000s\000e\000c\000o\000n\000d\000\040\000s\000u\000b\000s\000e\000c\000t\000i\000o\000n\000\040\000i\000n\000\040\000t\000h\000e\000\040\000S\000e\000c\000o\000n\000d\000\040\000S\000e\000c\000t\000i\000o\000n}{section.2.2}% 16
\BOOKMARK [2][]{subsection.2.2.3}{\376\377\0002\000.\0002\000.\0003\000\040\000t\000h\000i\000r\000d\000\040\000s\000u\000b\000s\000e\000c\000t\000i\000o\000n\000\040\000i\000n\000\040\000t\000h\000e\000\040\000S\000e\000c\000o\000n\000d\000\040\000S\000e\000c\000t\000i\000o\000n}{section.2.2}% 17
\BOOKMARK [1][]{section.2.3}{\376\377\0002\000.\0003\000\040\000K\036\277\000t\000\040\000c\000h\001\260\001\241\000n\000g}{chapter.2}% 18
\BOOKMARK [0][]{chapter.3}{\376\377\0003\000\040\000C\000h\001\260\001\241\000n\000g\000\040\0003}{}% 19
\BOOKMARK [1][]{section.3.1}{\376\377\0003\000.\0001\000\040\000F\000i\000r\000s\000t\000\040\000S\000e\000c\000t\000i\000o\000n\000\040\000o\000f\000\040\000t\000h\000e\000\040\000T\000h\000i\000r\000d\000\040\000C\000h\000a\000p\000t\000e\000r}{chapter.3}% 20
\BOOKMARK [2][]{subsection.3.1.1}{\376\377\0003\000.\0001\000.\0001\000\040\000f\000i\000r\000s\000t\000\040\000s\000u\000b\000s\000e\000c\000t\000i\000o\000n\000\040\000i\000n\000\040\000t\000h\000e\000\040\000F\000i\000r\000s\000t\000\040\000S\000e\000c\000t\000i\000o\000n}{section.3.1}% 21
\BOOKMARK [2][]{subsection.3.1.2}{\376\377\0003\000.\0001\000.\0002\000\040\000s\000e\000c\000o\000n\000d\000\040\000s\000u\000b\000s\000e\000c\000t\000i\000o\000n\000\040\000i\000n\000\040\000t\000h\000e\000\040\000F\000i\000r\000s\000t\000\040\000S\000e\000c\000t\000i\000o\000n}{section.3.1}% 22
\BOOKMARK [3][]{subsubsection.3.1.2.1}{\376\377\0003\000.\0001\000.\0002\000.\0001\000\040\000f\000i\000r\000s\000t\000\040\000s\000u\000b\000s\000u\000b\000\040\000s\000e\000c\000t\000i\000o\000n\000\040\000i\000n\000\040\000t\000h\000e\000\040\000s\000e\000c\000o\000n\000d\000\040\000s\000u\000b\000s\000e\000c\000t\000i\000o\000n}{subsection.3.1.2}% 23
\BOOKMARK [2][]{subsection.3.1.3}{\376\377\0003\000.\0001\000.\0003\000\040\000t\000h\000i\000r\000d\000\040\000s\000u\000b\000s\000e\000c\000t\000i\000o\000n\000\040\000i\000n\000\040\000t\000h\000e\000\040\000F\000i\000r\000s\000t\000\040\000S\000e\000c\000t\000i\000o\000n}{section.3.1}% 24
\BOOKMARK [3][]{subsubsection.3.1.3.1}{\376\377\0003\000.\0001\000.\0003\000.\0001\000\040\000f\000i\000r\000s\000t\000\040\000s\000u\000b\000s\000u\000b\000\040\000s\000e\000c\000t\000i\000o\000n\000\040\000i\000n\000\040\000t\000h\000e\000\040\000t\000h\000i\000r\000d\000\040\000s\000u\000b\000s\000e\000c\000t\000i\000o\000n}{subsection.3.1.3}% 25
\BOOKMARK [3][]{subsubsection.3.1.3.2}{\376\377\0003\000.\0001\000.\0003\000.\0002\000\040\000s\000e\000c\000o\000n\000d\000\040\000s\000u\000b\000s\000u\000b\000\040\000s\000e\000c\000t\000i\000o\000n\000\040\000i\000n\000\040\000t\000h\000e\000\040\000t\000h\000i\000r\000d\000\040\000s\000u\000b\000s\000e\000c\000t\000i\000o\000n}{subsection.3.1.3}% 26
\BOOKMARK [1][]{section.3.2}{\376\377\0003\000.\0002\000\040\000S\000e\000c\000o\000n\000d\000\040\000S\000e\000c\000t\000i\000o\000n\000\040\000o\000f\000\040\000t\000h\000e\000\040\000T\000h\000i\000r\000d\000\040\000C\000h\000a\000p\000t\000e\000r}{chapter.3}% 27
\BOOKMARK [1][]{section.3.3}{\376\377\0003\000.\0003\000\040\000K\036\277\000t\000\040\000c\000h\001\260\001\241\000n\000g}{chapter.3}% 28
\BOOKMARK [0][]{chapter.4}{\376\377\0004\000\040\000K\036\277\000t\000\040\000l\000u\036\255\000n\000\040\000v\000\340\000\040\000h\001\260\036\333\000n\000g\000\040\000p\000h\000\341\000t\000\040\000t\000r\000i\036\303\000n}{}% 29
\BOOKMARK [0][]{appendix*.3}{\376\377\000P\000h\036\345\000\040\000l\036\345\000c\000\040\000A}{}% 30
\BOOKMARK [0][]{appendix*.4}{\376\377\000P\000h\036\345\000\040\000l\036\345\000c\000\040\000B}{}% 31
